2025-04-09 06:47:01,883 - asyncio - DEBUG - Using selector: EpollSelector
2025-04-09 06:47:01,901 - __main__ - INFO - Starting to compose app widgets
2025-04-09 06:47:01,904 - __main__ - INFO - App widgets composed successfully
2025-04-09 06:47:01,994 - __main__ - ERROR - Error during app mount: 'super' object has no attribute 'on_mount'
2025-04-09 06:48:09,084 - asyncio - DEBUG - Using selector: EpollSelector
2025-04-09 06:48:09,102 - __main__ - INFO - Starting to compose app widgets
2025-04-09 06:48:09,105 - __main__ - INFO - App widgets composed successfully
2025-04-09 06:48:09,191 - __main__ - INFO - App mounted successfully
2025-04-09 06:50:07,146 - asyncio - DEBUG - Using selector: EpollSelector
2025-04-09 06:50:07,156 - __main__ - INFO - Starting to compose app widgets
2025-04-09 06:50:07,159 - __main__ - INFO - App widgets composed successfully
2025-04-09 06:50:07,227 - __main__ - INFO - App mounted successfully
2025-04-09 06:50:21,098 - asyncio - DEBUG - Using selector: EpollSelector
2025-04-09 06:50:21,110 - __main__ - INFO - Starting to compose app widgets
2025-04-09 06:50:21,112 - __main__ - INFO - App widgets composed successfully
2025-04-09 06:50:21,184 - __main__ - INFO - App mounted successfully
2025-04-09 06:53:00,575 - asyncio - DEBUG - Using selector: EpollSelector
2025-04-09 06:53:00,586 - __main__ - INFO - Starting to compose app widgets
2025-04-09 06:53:00,588 - __main__ - INFO - App widgets composed successfully
2025-04-09 06:53:00,654 - __main__ - INFO - App mounted successfully
2025-04-09 06:58:39,765 - asyncio - DEBUG - Using selector: EpollSelector
2025-04-09 06:59:08,541 - asyncio - DEBUG - Using selector: EpollSelector
2025-04-09 06:59:08,567 - __main__ - INFO - Starting to compose app widgets
2025-04-09 06:59:08,571 - __main__ - INFO - App widgets composed successfully
2025-04-09 06:59:08,713 - __main__ - INFO - App mounted successfully
2025-04-09 06:59:32,877 - asyncio - DEBUG - Using selector: EpollSelector
2025-04-09 06:59:32,900 - __main__ - INFO - Starting to compose app widgets
2025-04-09 06:59:32,902 - __main__ - INFO - App widgets composed successfully
2025-04-09 06:59:33,027 - __main__ - INFO - App mounted successfully
2025-04-09 07:00:43,980 - asyncio - DEBUG - Using selector: EpollSelector
2025-04-09 07:00:43,998 - __main__ - INFO - Starting to compose app widgets
2025-04-09 07:00:43,999 - __main__ - DEBUG - Adding header
2025-04-09 07:00:43,999 - __main__ - DEBUG - Adding calendar
2025-04-09 07:00:43,999 - __main__ - DEBUG - Adding footer
2025-04-09 07:00:43,999 - __main__ - INFO - App widgets composed successfully
2025-04-09 07:00:44,108 - __main__ - INFO - App mounted successfully
2025-04-09 07:02:01,734 - asyncio - DEBUG - Using selector: EpollSelector
2025-04-09 07:02:01,757 - __main__ - INFO - Starting to compose app widgets
2025-04-09 07:02:01,757 - __main__ - DEBUG - Adding header
2025-04-09 07:02:01,757 - __main__ - DEBUG - Adding calendar
2025-04-09 07:02:01,757 - __main__ - DEBUG - Adding footer
2025-04-09 07:02:01,758 - __main__ - INFO - App widgets composed successfully
2025-04-09 07:02:01,853 - __main__ - INFO - App mounted successfully
2025-04-09 07:02:28,781 - asyncio - DEBUG - Using selector: EpollSelector
2025-04-09 07:02:28,794 - __main__ - INFO - Starting to compose app widgets
2025-04-09 07:02:28,795 - __main__ - DEBUG - Adding header
2025-04-09 07:02:28,795 - __main__ - DEBUG - Adding calendar
2025-04-09 07:02:28,796 - __main__ - DEBUG - Adding footer
2025-04-09 07:02:28,796 - __main__ - INFO - App widgets composed successfully
2025-04-09 07:02:28,903 - __main__ - INFO - App mounted successfully
2025-04-09 07:02:59,698 - asyncio - DEBUG - Using selector: EpollSelector
2025-04-09 07:02:59,710 - __main__ - INFO - Starting to compose app widgets
2025-04-09 07:02:59,710 - __main__ - DEBUG - Adding header
2025-04-09 07:02:59,711 - __main__ - DEBUG - Adding calendar
2025-04-09 07:02:59,711 - __main__ - DEBUG - Adding footer
2025-04-09 07:02:59,711 - __main__ - INFO - App widgets composed successfully
2025-04-09 07:02:59,765 - __main__ - INFO - App mounted successfully
2025-04-09 07:04:13,234 - asyncio - DEBUG - Using selector: EpollSelector
2025-04-09 07:04:13,252 - __main__ - INFO - Starting to compose app widgets
2025-04-09 07:04:13,252 - __main__ - DEBUG - Adding header
2025-04-09 07:04:13,253 - __main__ - DEBUG - Adding calendar
2025-04-09 07:04:13,253 - __main__ - DEBUG - Adding footer
2025-04-09 07:04:13,253 - __main__ - INFO - App widgets composed successfully
2025-04-09 07:04:13,326 - __main__ - INFO - App mounted successfully
2025-04-09 07:04:52,682 - asyncio - DEBUG - Using selector: EpollSelector
2025-04-09 07:04:52,695 - __main__ - INFO - Starting to compose app widgets
2025-04-09 07:04:52,695 - __main__ - DEBUG - Adding header
2025-04-09 07:04:52,696 - __main__ - DEBUG - Adding calendar
2025-04-09 07:04:52,696 - __main__ - DEBUG - Adding footer
2025-04-09 07:04:52,696 - __main__ - INFO - App widgets composed successfully
2025-04-09 07:04:52,753 - __main__ - INFO - App mounted successfully
2025-04-09 07:06:27,021 - asyncio - DEBUG - Using selector: EpollSelector
2025-04-09 07:06:27,043 - __main__ - INFO - Starting to compose app widgets
2025-04-09 07:06:27,043 - __main__ - INFO - App widgets composed successfully
2025-04-09 07:06:27,085 - __main__ - INFO - App mounted successfully
2025-04-09 07:06:48,885 - asyncio - DEBUG - Using selector: EpollSelector
2025-04-09 07:06:48,903 - __main__ - INFO - Starting to compose app widgets
2025-04-09 07:06:48,904 - __main__ - INFO - App widgets composed successfully
2025-04-09 07:06:48,944 - __main__ - INFO - App mounted successfully
2025-04-09 07:08:24,245 - asyncio - DEBUG - Using selector: EpollSelector
2025-04-09 07:08:24,262 - __main__ - INFO - Starting to compose app widgets
2025-04-09 07:08:24,263 - __main__ - INFO - App widgets composed successfully
2025-04-09 07:08:24,300 - __main__ - INFO - App mounted successfully
2025-04-09 07:14:30,390 - asyncio - DEBUG - Using selector: EpollSelector
2025-04-09 07:14:30,412 - __main__ - INFO - Starting to compose app widgets
2025-04-09 07:14:30,412 - __main__ - INFO - App widgets composed successfully
2025-04-09 07:14:30,459 - __main__ - INFO - App mounted successfully
2025-04-09 07:15:08,535 - asyncio - DEBUG - Using selector: EpollSelector
2025-04-09 07:15:08,555 - __main__ - INFO - Starting to compose app widgets
2025-04-09 07:15:08,555 - __main__ - INFO - App widgets composed successfully
2025-04-09 07:15:08,597 - __main__ - INFO - App mounted successfully
2025-04-09 07:15:51,758 - asyncio - DEBUG - Using selector: EpollSelector
2025-04-09 07:15:51,771 - __main__ - INFO - Starting to compose app widgets
2025-04-09 07:15:51,771 - __main__ - INFO - App widgets composed successfully
2025-04-09 07:15:51,794 - __main__ - INFO - App mounted successfully
2025-04-09 07:17:53,884 - asyncio - DEBUG - Using selector: EpollSelector
2025-04-09 07:18:31,634 - asyncio - DEBUG - Using selector: EpollSelector
2025-04-09 07:18:31,660 - __main__ - INFO - Starting to compose app widgets
2025-04-09 07:18:31,661 - __main__ - INFO - App widgets composed successfully
2025-04-09 07:18:31,721 - __main__ - INFO - App mounted successfully
2025-04-09 07:18:54,339 - asyncio - DEBUG - Using selector: EpollSelector
2025-04-09 07:18:54,351 - __main__ - INFO - Starting to compose app widgets
2025-04-09 07:18:54,352 - __main__ - INFO - App widgets composed successfully
2025-04-09 07:18:54,377 - __main__ - INFO - App mounted successfully
2025-04-09 07:20:28,091 - asyncio - DEBUG - Using selector: EpollSelector
2025-04-09 07:21:09,656 - asyncio - DEBUG - Using selector: EpollSelector
2025-04-09 07:21:09,678 - __main__ - INFO - Starting to compose app widgets
2025-04-09 07:21:09,678 - __main__ - INFO - App widgets composed successfully
2025-04-09 07:21:09,727 - __main__ - INFO - App mounted successfully
2025-04-09 07:21:38,255 - asyncio - DEBUG - Using selector: EpollSelector
2025-04-09 07:21:38,269 - __main__ - INFO - Starting to compose app widgets
2025-04-09 07:21:38,269 - __main__ - INFO - App widgets composed successfully
2025-04-09 07:21:38,294 - __main__ - INFO - App mounted successfully
2025-04-09 07:21:49,470 - asyncio - DEBUG - Using selector: EpollSelector
2025-04-09 07:21:49,485 - __main__ - INFO - Starting to compose app widgets
2025-04-09 07:21:49,485 - __main__ - INFO - App widgets composed successfully
2025-04-09 07:21:49,509 - __main__ - INFO - App mounted successfully
2025-04-09 07:23:36,126 - asyncio - DEBUG - Using selector: EpollSelector
2025-04-09 07:23:36,144 - __main__ - INFO - Starting to compose app widgets
2025-04-09 07:23:36,144 - __main__ - INFO - App widgets composed successfully
2025-04-09 07:23:36,184 - __main__ - INFO - App mounted successfully
2025-04-09 07:24:17,819 - asyncio - DEBUG - Using selector: EpollSelector
2025-04-09 07:24:17,842 - __main__ - INFO - Starting to compose app widgets
2025-04-09 07:24:17,842 - __main__ - INFO - App widgets composed successfully
2025-04-09 07:24:17,888 - __main__ - INFO - App mounted successfully
2025-04-09 07:25:11,966 - asyncio - DEBUG - Using selector: EpollSelector
2025-04-09 07:25:11,987 - __main__ - INFO - Starting to compose app widgets
2025-04-09 07:25:11,987 - __main__ - INFO - App widgets composed successfully
2025-04-09 07:25:12,024 - __main__ - INFO - App mounted successfully
2025-04-09 07:25:39,797 - asyncio - DEBUG - Using selector: EpollSelector
2025-04-09 07:25:39,811 - __main__ - INFO - Starting to compose app widgets
2025-04-09 07:25:39,811 - __main__ - INFO - App widgets composed successfully
2025-04-09 07:25:39,834 - __main__ - INFO - App mounted successfully
2025-04-09 07:27:42,663 - asyncio - DEBUG - Using selector: EpollSelector
2025-04-09 07:27:42,698 - __main__ - INFO - Starting to compose app widgets
2025-04-09 07:27:42,700 - __main__ - INFO - App widgets composed successfully
2025-04-09 07:27:42,772 - __main__ - INFO - App mounted successfully
2025-04-09 07:27:55,610 - asyncio - DEBUG - Using selector: EpollSelector
2025-04-09 07:27:55,632 - __main__ - INFO - Starting to compose app widgets
2025-04-09 07:27:55,633 - __main__ - INFO - App widgets composed successfully
2025-04-09 07:27:55,661 - __main__ - INFO - App mounted successfully
2025-04-09 07:29:46,054 - asyncio - DEBUG - Using selector: EpollSelector
2025-04-09 07:29:46,074 - __main__ - INFO - Starting to compose app widgets
2025-04-09 07:29:46,075 - __main__ - INFO - App widgets composed successfully
2025-04-09 07:29:46,107 - __main__ - INFO - App mounted successfully
2025-04-09 07:30:22,754 - asyncio - DEBUG - Using selector: EpollSelector
2025-04-09 07:30:22,772 - __main__ - INFO - Starting to compose app widgets
2025-04-09 07:30:22,772 - __main__ - INFO - App widgets composed successfully
2025-04-09 07:30:22,806 - __main__ - INFO - App mounted successfully
2025-04-09 07:35:53,937 - asyncio - DEBUG - Using selector: EpollSelector
2025-04-09 07:35:53,967 - __main__ - INFO - Starting to compose app widgets
2025-04-09 07:35:53,967 - __main__ - INFO - App widgets composed successfully
2025-04-09 07:35:54,016 - __main__ - INFO - App mounted successfully
2025-04-09 07:38:03,773 - asyncio - DEBUG - Using selector: EpollSelector
2025-04-09 07:38:03,789 - __main__ - INFO - Starting to compose app widgets
2025-04-09 07:38:03,790 - __main__ - INFO - App widgets composed successfully
2025-04-09 07:38:03,817 - __main__ - INFO - App mounted successfully
2025-04-09 07:45:22,542 - asyncio - DEBUG - Using selector: EpollSelector
2025-04-09 07:45:22,562 - __main__ - INFO - Starting to compose app widgets
2025-04-09 07:45:22,562 - __main__ - INFO - App widgets composed successfully
2025-04-09 07:45:22,582 - __main__ - INFO - App mounted successfully
2025-04-09 07:48:51,219 - asyncio - DEBUG - Using selector: EpollSelector
2025-04-09 07:48:51,236 - __main__ - INFO - Starting to compose app widgets
2025-04-09 07:48:51,236 - __main__ - INFO - App widgets composed successfully
2025-04-09 07:48:51,251 - __main__ - INFO - App mounted successfully
2025-04-09 07:52:11,534 - asyncio - DEBUG - Using selector: EpollSelector
2025-04-09 07:52:11,550 - __main__ - INFO - Starting to compose app widgets
2025-04-09 07:52:11,550 - __main__ - INFO - App widgets composed successfully
2025-04-09 07:52:11,565 - __main__ - INFO - App mounted successfully
2025-04-09 07:54:02,364 - asyncio - DEBUG - Using selector: EpollSelector
2025-04-09 07:54:02,378 - __main__ - INFO - Starting to compose app widgets
2025-04-09 07:54:02,379 - __main__ - INFO - App widgets composed successfully
2025-04-09 07:54:02,397 - __main__ - INFO - App mounted successfully
2025-04-09 07:57:24,019 - asyncio - DEBUG - Using selector: EpollSelector
2025-04-09 07:57:24,034 - __main__ - INFO - Starting to compose app widgets
2025-04-09 07:57:24,035 - __main__ - INFO - App widgets composed successfully
2025-04-09 07:57:24,050 - __main__ - INFO - App mounted successfully
2025-04-09 07:57:44,038 - asyncio - DEBUG - Using selector: EpollSelector
2025-04-09 07:57:44,062 - __main__ - INFO - Starting to compose app widgets
2025-04-09 07:57:44,063 - __main__ - INFO - App widgets composed successfully
2025-04-09 07:57:44,085 - __main__ - INFO - App mounted successfully
2025-04-09 07:58:12,119 - asyncio - DEBUG - Using selector: EpollSelector
2025-04-09 07:58:12,138 - __main__ - INFO - Starting to compose app widgets
2025-04-09 07:58:12,139 - __main__ - INFO - App widgets composed successfully
2025-04-09 07:58:12,163 - __main__ - INFO - App mounted successfully
2025-04-09 08:08:35,925 - asyncio - DEBUG - Using selector: EpollSelector
2025-04-09 08:08:35,944 - __main__ - INFO - Starting to compose app widgets
2025-04-09 08:08:35,945 - __main__ - INFO - App widgets composed successfully
2025-04-09 08:08:35,960 - __main__ - INFO - App mounted successfully
2025-04-09 08:09:24,686 - asyncio - DEBUG - Using selector: EpollSelector
2025-04-09 08:09:24,702 - __main__ - INFO - Starting to compose app widgets
2025-04-09 08:09:24,702 - __main__ - INFO - App widgets composed successfully
2025-04-09 08:09:24,717 - __main__ - INFO - App mounted successfully
2025-04-09 08:11:58,842 - asyncio - DEBUG - Using selector: EpollSelector
2025-04-09 08:11:58,865 - __main__ - INFO - Starting to compose app widgets
2025-04-09 08:11:58,866 - __main__ - INFO - App widgets composed successfully
2025-04-09 08:11:58,898 - __main__ - INFO - App mounted successfully
2025-04-09 08:13:42,517 - asyncio - DEBUG - Using selector: EpollSelector
2025-04-09 08:13:42,533 - __main__ - INFO - Starting to compose app widgets
2025-04-09 08:13:42,534 - __main__ - INFO - App widgets composed successfully
2025-04-09 08:13:42,548 - __main__ - INFO - App mounted successfully
2025-04-09 08:14:09,754 - asyncio - DEBUG - Using selector: EpollSelector
2025-04-09 08:14:09,773 - __main__ - INFO - Starting to compose app widgets
2025-04-09 08:14:09,774 - __main__ - INFO - App widgets composed successfully
2025-04-09 08:14:09,787 - __main__ - INFO - App mounted successfully
2025-04-09 08:16:12,421 - asyncio - DEBUG - Using selector: EpollSelector
2025-04-09 08:16:12,437 - __main__ - INFO - Starting to compose app widgets
2025-04-09 08:16:12,437 - __main__ - INFO - App widgets composed successfully
2025-04-09 08:16:12,452 - __main__ - INFO - App mounted successfully
2025-04-09 08:20:36,778 - asyncio - DEBUG - Using selector: EpollSelector
2025-04-09 08:20:36,793 - __main__ - INFO - Starting to compose app widgets
2025-04-09 08:20:36,793 - __main__ - INFO - App widgets composed successfully
2025-04-09 08:20:36,808 - __main__ - INFO - App mounted successfully
2025-04-09 08:21:51,940 - asyncio - DEBUG - Using selector: EpollSelector
2025-04-09 08:22:04,837 - asyncio - DEBUG - Using selector: EpollSelector
2025-04-09 08:23:06,118 - asyncio - DEBUG - Using selector: EpollSelector
2025-04-09 08:23:36,695 - asyncio - DEBUG - Using selector: EpollSelector
2025-04-09 08:23:36,728 - __main__ - INFO - Starting to compose app widgets
2025-04-09 08:23:36,728 - __main__ - INFO - App widgets composed successfully
2025-04-09 08:23:36,764 - __main__ - INFO - App mounted successfully
2025-04-09 08:24:01,763 - asyncio - DEBUG - Using selector: EpollSelector
2025-04-09 08:24:01,778 - __main__ - INFO - Starting to compose app widgets
2025-04-09 08:24:01,778 - __main__ - INFO - App widgets composed successfully
2025-04-09 08:24:01,792 - __main__ - INFO - App mounted successfully
2025-04-09 08:25:06,274 - asyncio - DEBUG - Using selector: EpollSelector
2025-04-09 08:25:06,306 - __main__ - INFO - Starting to compose app widgets
2025-04-09 08:25:06,307 - __main__ - INFO - App widgets composed successfully
2025-04-09 08:25:06,342 - __main__ - INFO - App mounted successfully
2025-04-09 08:25:32,521 - asyncio - DEBUG - Using selector: EpollSelector
2025-04-09 08:25:32,542 - __main__ - INFO - Starting to compose app widgets
2025-04-09 08:25:32,542 - __main__ - INFO - App widgets composed successfully
2025-04-09 08:25:32,557 - __main__ - INFO - App mounted successfully
2025-04-09 08:33:18,221 - asyncio - DEBUG - Using selector: EpollSelector
2025-04-09 08:35:17,774 - asyncio - DEBUG - Using selector: EpollSelector
2025-04-09 08:35:17,797 - __main__ - INFO - Starting to compose app widgets
2025-04-09 08:35:17,798 - __main__ - INFO - App widgets composed successfully
2025-04-09 08:35:17,827 - __main__ - INFO - App mounted successfully
2025-04-09 12:36:53,322 - asyncio - DEBUG - Using selector: EpollSelector
2025-04-09 12:36:53,340 - __main__ - INFO - Starting to compose app widgets
2025-04-09 12:36:53,341 - __main__ - INFO - App widgets composed successfully
2025-04-09 12:36:53,358 - __main__ - INFO - App mounted successfully
2025-04-09 15:03:55,680 - asyncio - DEBUG - Using selector: EpollSelector
2025-04-09 15:03:55,708 - __main__ - INFO - Starting to compose app widgets
2025-04-09 15:03:55,709 - __main__ - INFO - App widgets composed successfully
2025-04-09 15:03:55,738 - __main__ - INFO - App mounted successfully
2025-04-09 15:05:34,571 - asyncio - DEBUG - Using selector: EpollSelector
2025-04-09 15:05:34,592 - __main__ - INFO - Starting to compose app widgets
2025-04-09 15:05:34,593 - __main__ - INFO - App widgets composed successfully
2025-04-09 15:05:34,614 - __main__ - INFO - App mounted successfully
2025-04-09 15:07:05,386 - asyncio - DEBUG - Using selector: EpollSelector
2025-04-09 15:07:05,418 - __main__ - INFO - Starting to compose app widgets
2025-04-09 15:07:05,418 - __main__ - INFO - App widgets composed successfully
2025-04-09 15:07:05,446 - __main__ - INFO - App mounted successfully
2025-04-09 15:07:56,926 - asyncio - DEBUG - Using selector: EpollSelector
2025-04-09 15:07:56,944 - __main__ - INFO - Starting to compose app widgets
2025-04-09 15:07:56,944 - __main__ - INFO - App widgets composed successfully
2025-04-09 15:07:56,959 - __main__ - INFO - App mounted successfully
2025-04-09 15:08:48,775 - asyncio - DEBUG - Using selector: EpollSelector
2025-04-09 15:08:48,799 - __main__ - INFO - Starting to compose app widgets
2025-04-09 15:08:48,799 - __main__ - INFO - App widgets composed successfully
2025-04-09 15:08:48,820 - __main__ - INFO - App mounted successfully
2025-04-09 15:09:28,008 - asyncio - DEBUG - Using selector: EpollSelector
2025-04-09 15:09:28,031 - __main__ - INFO - Starting to compose app widgets
2025-04-09 15:09:28,032 - __main__ - INFO - App widgets composed successfully
2025-04-09 15:09:28,054 - __main__ - INFO - App mounted successfully
2025-04-09 15:12:32,747 - asyncio - DEBUG - Using selector: EpollSelector
2025-04-09 15:12:32,781 - __main__ - INFO - Starting to compose app widgets
2025-04-09 15:12:32,783 - __main__ - INFO - App widgets composed successfully
2025-04-09 15:12:32,815 - __main__ - INFO - App mounted successfully
2025-04-09 15:15:05,824 - asyncio - DEBUG - Using selector: EpollSelector
2025-04-09 15:15:05,845 - __main__ - INFO - Starting to compose app widgets
2025-04-09 15:15:05,845 - __main__ - INFO - App widgets composed successfully
2025-04-09 15:15:05,861 - __main__ - INFO - App mounted successfully
2025-04-09 15:18:27,443 - asyncio - DEBUG - Using selector: EpollSelector
2025-04-09 15:18:27,526 - __main__ - INFO - Starting to compose app widgets
2025-04-09 15:18:27,527 - __main__ - INFO - App widgets composed successfully
2025-04-09 15:18:27,574 - __main__ - INFO - App mounted successfully
2025-04-09 15:18:56,494 - asyncio - DEBUG - Using selector: EpollSelector
2025-04-09 15:18:56,534 - __main__ - INFO - Starting to compose app widgets
2025-04-09 15:18:56,538 - __main__ - INFO - App widgets composed successfully
2025-04-09 15:18:56,576 - __main__ - INFO - App mounted successfully
2025-04-12 06:36:34,309 - asyncio - DEBUG - Using selector: EpollSelector
2025-04-12 06:36:34,331 - __main__ - INFO - Starting to compose app widgets
2025-04-12 06:36:34,331 - __main__ - INFO - App widgets composed successfully
2025-04-12 06:36:34,347 - __main__ - INFO - App mounted successfully
2025-04-12 06:40:01,183 - asyncio - DEBUG - Using selector: EpollSelector
2025-04-12 06:40:01,202 - __main__ - INFO - Starting to compose app widgets
2025-04-12 06:40:01,202 - __main__ - INFO - App widgets composed successfully
2025-04-12 06:40:01,220 - __main__ - INFO - App mounted successfully
2025-04-12 06:41:28,739 - asyncio - DEBUG - Using selector: EpollSelector
2025-04-12 06:41:28,758 - __main__ - INFO - Starting to compose app widgets
2025-04-12 06:41:28,759 - __main__ - INFO - App widgets composed successfully
2025-04-12 06:41:28,780 - __main__ - INFO - App mounted successfully
2025-04-12 06:45:17,173 - asyncio - DEBUG - Using selector: EpollSelector
2025-04-12 06:45:17,200 - __main__ - INFO - Starting to compose app widgets
2025-04-12 06:45:17,200 - __main__ - INFO - App widgets composed successfully
2025-04-12 06:45:17,218 - __main__ - INFO - App mounted successfully
2025-04-12 06:45:37,330 - asyncio - DEBUG - Using selector: EpollSelector
2025-04-12 06:45:37,360 - __main__ - INFO - Starting to compose app widgets
2025-04-12 06:45:37,361 - __main__ - INFO - App widgets composed successfully
2025-04-12 06:45:37,385 - __main__ - INFO - App mounted successfully
2025-04-12 06:47:26,685 - asyncio - DEBUG - Using selector: EpollSelector
2025-04-12 06:47:26,748 - __main__ - INFO - Starting to compose app widgets
2025-04-12 06:47:26,749 - __main__ - INFO - App widgets composed successfully
2025-04-12 06:47:26,766 - __main__ - INFO - App mounted successfully
2025-04-12 06:47:37,357 - asyncio - DEBUG - Using selector: EpollSelector
2025-04-12 06:47:37,378 - __main__ - INFO - Starting to compose app widgets
2025-04-12 06:47:37,378 - __main__ - INFO - App widgets composed successfully
2025-04-12 06:47:37,398 - __main__ - INFO - App mounted successfully
2025-04-12 06:48:21,846 - asyncio - DEBUG - Using selector: EpollSelector
2025-04-12 06:48:21,869 - __main__ - INFO - Starting to compose app widgets
2025-04-12 06:48:21,870 - __main__ - INFO - App widgets composed successfully
2025-04-12 06:48:21,890 - __main__ - INFO - App mounted successfully
2025-04-12 06:52:22,389 - asyncio - DEBUG - Using selector: EpollSelector
2025-04-12 06:52:22,414 - __main__ - INFO - Starting to compose app widgets
2025-04-12 06:52:22,414 - __main__ - INFO - App widgets composed successfully
2025-04-12 06:52:22,437 - __main__ - INFO - App mounted successfully
2025-04-12 06:52:41,448 - asyncio - DEBUG - Using selector: EpollSelector
2025-04-12 06:52:41,480 - __main__ - INFO - Starting to compose app widgets
2025-04-12 06:52:41,481 - __main__ - INFO - App widgets composed successfully
2025-04-12 06:52:41,500 - __main__ - INFO - App mounted successfully
2025-04-12 06:54:29,735 - asyncio - DEBUG - Using selector: EpollSelector
2025-04-12 06:54:29,756 - __main__ - INFO - Starting to compose app widgets
2025-04-12 06:54:29,757 - __main__ - INFO - App widgets composed successfully
2025-04-12 06:54:29,775 - __main__ - INFO - App mounted successfully
2025-04-12 06:54:36,878 - asyncio - DEBUG - Using selector: EpollSelector
2025-04-12 06:54:36,929 - __main__ - INFO - Starting to compose app widgets
2025-04-12 06:54:36,930 - __main__ - INFO - App widgets composed successfully
2025-04-12 06:54:36,953 - __main__ - INFO - App mounted successfully
